2022/03/30 13:45:55 [emerg] 1#1: host not found in upstream "react-front:3000" in /etc/nginx/conf.d/default.conf:2
2022/03/30 13:46:07 [emerg] 1#1: host not found in upstream "react-front:3000" in /etc/nginx/conf.d/default.conf:2
2022/03/30 13:46:19 [emerg] 1#1: host not found in upstream "react-front:3000" in /etc/nginx/conf.d/default.conf:2
2022/03/30 13:46:31 [emerg] 1#1: host not found in upstream "react-front:3000" in /etc/nginx/conf.d/default.conf:2
2022/03/30 13:46:43 [emerg] 1#1: host not found in upstream "react-front:3000" in /etc/nginx/conf.d/default.conf:2
2022/03/30 13:46:55 [emerg] 1#1: host not found in upstream "react-front:3000" in /etc/nginx/conf.d/default.conf:2
2022/03/30 13:47:06 [emerg] 1#1: host not found in upstream "react-front:3000" in /etc/nginx/conf.d/default.conf:2
2022/03/30 13:47:18 [emerg] 1#1: host not found in upstream "react-front:3000" in /etc/nginx/conf.d/default.conf:2
2022/03/30 13:47:30 [emerg] 1#1: host not found in upstream "react-front:3000" in /etc/nginx/conf.d/default.conf:2
2022/03/30 13:47:42 [emerg] 1#1: host not found in upstream "react-front:3000" in /etc/nginx/conf.d/default.conf:2
2022/03/30 13:47:54 [emerg] 1#1: host not found in upstream "react-front:3000" in /etc/nginx/conf.d/default.conf:2
2022/03/30 13:48:05 [emerg] 1#1: host not found in upstream "react-front:3000" in /etc/nginx/conf.d/default.conf:2
2022/03/30 13:48:17 [emerg] 1#1: host not found in upstream "react-front:3000" in /etc/nginx/conf.d/default.conf:2
2022/03/30 13:48:29 [emerg] 1#1: host not found in upstream "react-front:3000" in /etc/nginx/conf.d/default.conf:2
2022/03/30 13:48:40 [emerg] 1#1: host not found in upstream "react-front:3000" in /etc/nginx/conf.d/default.conf:2
2022/03/30 13:48:52 [emerg] 1#1: host not found in upstream "react-front:3000" in /etc/nginx/conf.d/default.conf:2
2022/03/30 13:49:04 [emerg] 1#1: host not found in upstream "react-front:3000" in /etc/nginx/conf.d/default.conf:2
2022/03/30 13:49:16 [emerg] 1#1: host not found in upstream "react-front:3000" in /etc/nginx/conf.d/default.conf:2
2022/03/30 13:50:11 [emerg] 1#1: host not found in upstream "react-front:3000" in /etc/nginx/conf.d/default.conf:2
2022/03/30 13:50:26 [emerg] 1#1: host not found in upstream "react-front:3000" in /etc/nginx/conf.d/default.conf:2
2022/03/30 13:50:38 [emerg] 1#1: host not found in upstream "react-front:3000" in /etc/nginx/conf.d/default.conf:2
2022/03/30 13:50:54 [emerg] 1#1: host not found in upstream "react-front:3000" in /etc/nginx/conf.d/default.conf:2
2022/03/30 13:51:53 [notice] 1#1: using the "epoll" event method
2022/03/30 13:51:53 [notice] 1#1: nginx/1.21.6
2022/03/30 13:51:53 [notice] 1#1: built by gcc 10.2.1 20210110 (Debian 10.2.1-6) 
2022/03/30 13:51:53 [notice] 1#1: OS: Linux 5.10.16.3-microsoft-standard-WSL2
2022/03/30 13:51:53 [notice] 1#1: getrlimit(RLIMIT_NOFILE): 1048576:1048576
2022/03/30 13:51:53 [notice] 1#1: start worker processes
2022/03/30 13:51:53 [notice] 1#1: start worker process 31
2022/03/30 13:51:53 [notice] 1#1: start worker process 32
2022/03/30 13:51:53 [notice] 1#1: start worker process 33
2022/03/30 13:51:53 [notice] 1#1: start worker process 34
2022/03/30 14:06:44 [notice] 1#1: signal 3 (SIGQUIT) received, shutting down
2022/03/30 14:06:44 [notice] 32#32: gracefully shutting down
2022/03/30 14:06:44 [notice] 34#34: gracefully shutting down
2022/03/30 14:06:44 [notice] 34#34: exiting
2022/03/30 14:06:44 [notice] 33#33: gracefully shutting down
2022/03/30 14:06:44 [notice] 31#31: gracefully shutting down
2022/03/30 14:06:44 [notice] 32#32: exiting
2022/03/30 14:06:44 [notice] 32#32: exit
2022/03/30 14:06:44 [notice] 31#31: exiting
2022/03/30 14:06:44 [notice] 34#34: exit
2022/03/30 14:06:44 [notice] 33#33: exiting
2022/03/30 14:06:44 [notice] 31#31: exit
2022/03/30 14:06:44 [notice] 33#33: exit
2022/03/30 14:06:45 [notice] 1#1: signal 17 (SIGCHLD) received from 33
2022/03/30 14:06:45 [notice] 1#1: worker process 33 exited with code 0
2022/03/30 14:06:45 [notice] 1#1: signal 29 (SIGIO) received
2022/03/30 14:06:45 [notice] 1#1: signal 17 (SIGCHLD) received from 32
2022/03/30 14:06:45 [notice] 1#1: worker process 31 exited with code 0
2022/03/30 14:06:45 [notice] 1#1: worker process 32 exited with code 0
2022/03/30 14:06:45 [notice] 1#1: worker process 34 exited with code 0
2022/03/30 14:06:45 [notice] 1#1: exit
